<?xml version="1.0" encoding="UTF-8"?>
<!-- Generated by org.testng.reporters.JUnitReportReporter -->
<testsuite skipped="2" hostname="DESKTOP-FB03BDO" name="test.sagar.sample.sampleCodes.BrowserTesting1" tests="3" failures="0" timestamp="13 Dec 2017 20:16:42 GMT" time="13.382" errors="0">
  <testcase name="browserTest3" time="13.382" classname="test.sagar.sample.sampleCodes.BrowserTesting1"/>
  <testcase name="browserTest" classname="test.sagar.sample.sampleCodes.BrowserTesting1">
    <skipped/>
  </testcase> <!-- browserTest -->
  <testcase name="browserTest2" classname="test.sagar.sample.sampleCodes.BrowserTesting1">
    <skipped/>
  </testcase> <!-- browserTest2 -->
</testsuite> <!-- test.sagar.sample.sampleCodes.BrowserTesting1 -->
