<?xml version="1.0" encoding="UTF-8"?>
<!-- Generated by org.testng.reporters.JUnitReportReporter -->
<testsuite skipped="0" hostname="DESKTOP-FB03BDO" name="TestGrid.GridTest2" tests="2" failures="0" timestamp="04 Mar 2018 15:01:12 GMT" time="62.301" errors="1">
  <testcase name="testSalesforce1" time="15.356" classname="TestGrid.GridTest2"/>
  <testcase name="testSalesforce1" time="46.945" classname="TestGrid.GridTest2">
    <error type="org.openqa.selenium.WebDriverException" message="Unable to connect to host 127.0.0.1 on port 7055 after 45000 ms. Firefox console output:
rimentProvider
Unable to read VR Path Registry from C:\Users\Sagar\AppData\Local\openvr\openvrpaths.vrpath
Unable to read VR Path Registry from C:\Users\Sagar\AppData\Local\openvr\openvrpaths.vrpath
Unable to read VR Path Registry from C:\Users\Sagar\AppData\Local\openvr\openvrpaths.vrpath
1520175629198	addons.xpi	INFO	Mapping fxdriver@googlecode.com to C:\Users\Sagar\AppData\Local\Temp\anonymous2107987313682649358webdriver-profile\extensions\fxdriver@googlecode.com
1520175629198	addons.xpi	DEBUG	Ignoring file entry whose name is not a valid add-on ID: C:\Users\Sagar\AppData\Local\Temp\anonymous2107987313682649358webdriver-profile\extensions\webdriver-staging
1520175629198	addons.xpi	DEBUG	Existing add-on fxdriver@googlecode.com in app-profile
1520175629198	addons.xpi	INFO	Mapping activity-stream@mozilla.org to C:\Program Files\Mozilla Firefox\browser\features\activity-stream@mozilla.org.xpi
1520175629198	addons.xpi	INFO	Mapping aushelper@mozilla.org to C:\Program Files\Mozilla Firefox\browser\features\aushelper@mozilla.org.xpi
1520175629199	addons.xpi	INFO	Mapping firefox@getpocket.com to C:\Program Files\Mozilla Firefox\browser\features\firefox@getpocket.com.xpi
1520175629199	addons.xpi	INFO	Mapping followonsearch@mozilla.com to C:\Program Files\Mozilla Firefox\browser\features\followonsearch@mozilla.com.xpi
1520175629199	addons.xpi	INFO	Mapping formautofill@mozilla.org to C:\Program Files\Mozilla Firefox\browser\features\formautofill@mozilla.org.xpi
1520175629199	addons.xpi	INFO	Mapping onboarding@mozilla.org to C:\Program Files\Mozilla Firefox\browser\features\onboarding@mozilla.org.xpi
1520175629199	addons.xpi	INFO	Mapping screenshots@mozilla.org to C:\Program Files\Mozilla Firefox\browser\features\screenshots@mozilla.org.xpi
1520175629199	addons.xpi	INFO	Mapping shield-recipe-client@mozilla.org to C:\Program Files\Mozilla Firefox\browser\features\shield-recipe-client@mozilla.org.xpi
1520175629199	addons.xpi	INFO	Mapping webcompat@mozilla.org to C:\Program Files\Mozilla Firefox\browser\features\webcompat@mozilla.org.xpi
1520175629199	addons.xpi	DEBUG	Existing add-on activity-stream@mozilla.org in app-system-defaults
1520175629199	addons.xpi	DEBUG	Existing add-on aushelper@mozilla.org in app-system-defaults
1520175629200	addons.xpi	DEBUG	Existing add-on firefox@getpocket.com in app-system-defaults
1520175629200	addons.xpi	DEBUG	Existing add-on followonsearch@mozilla.com in app-system-defaults
1520175629200	addons.xpi	DEBUG	Existing add-on formautofill@mozilla.org in app-system-defaults
1520175629200	addons.xpi	DEBUG	Existing add-on onboarding@mozilla.org in app-system-defaults
1520175629200	addons.xpi	DEBUG	Existing add-on screenshots@mozilla.org in app-system-defaults
1520175629201	addons.xpi	DEBUG	Existing add-on shield-recipe-client@mozilla.org in app-system-defaults
1520175629201	addons.xpi	DEBUG	Existing add-on webcompat@mozilla.org in app-system-defaults
1520175629201	addons.xpi	INFO	Mapping {972ce4c6-7e08-4474-a285-3208198ce6fd} to C:\Program Files\Mozilla Firefox\browser\extensions\{972ce4c6-7e08-4474-a285-3208198ce6fd}.xpi
1520175629202	addons.xpi	DEBUG	Existing add-on {972ce4c6-7e08-4474-a285-3208198ce6fd} in app-global
1520175629202	addons.xpi	DEBUG	Existing add-on {4ED1F68A-5463-4931-9384-8FFF5ED91D92} in winreg-app-global
1520175629202	addons.xpi	DEBUG	getInstallState changed: false, state: {}
1520175668873	addons.productaddons	INFO	sending request to: https://aus5.mozilla.org/update/3/GMP/58.0.2/20180206200532/WINNT_x86_64-msvc-x64/en-US/release/Windows_NT%2010.0.0.0.16299.248%20(x64)/default/default/update.xml
1520175669670	addons.productaddons	INFO	Completed downloading document
1520175670209	addons.productaddons	INFO	downloadXHR File download. status=200
1520175670211	addons.productaddons	INFO	Downloaded file will be saved to C:\Users\Sagar\AppData\Local\Temp\tmpaddon
1520175671751	addons.productaddons	INFO	downloadXHR File download. status=200
1520175671754	addons.productaddons	INFO	Downloaded file will be saved to C:\Users\Sagar\AppData\Local\Temp\tmpaddon-997e58

Command duration or timeout: 46.93 seconds
Build info: version: &#039;2.52.0&#039;, revision: &#039;4c2593cfc3689a7fcd7be52549167e5ccc93ad28&#039;, time: &#039;2016-02-11 11:22:43&#039;
System info: host: &#039;DESKTOP-FB03BDO&#039;, ip: &#039;192.168.0.103&#039;, os.name: &#039;Windows 10&#039;, os.arch: &#039;amd64&#039;, os.version: &#039;10.0&#039;, java.version: &#039;1.8.0_101&#039;
Driver info: org.openqa.selenium.remote.RemoteWebDriver">
      <![CDATA[org.openqa.selenium.WebDriverException: Unable to connect to host 127.0.0.1 on port 7055 after 45000 ms. Firefox console output:
rimentProvider
Unable to read VR Path Registry from C:\Users\Sagar\AppData\Local\openvr\openvrpaths.vrpath
Unable to read VR Path Registry from C:\Users\Sagar\AppData\Local\openvr\openvrpaths.vrpath
Unable to read VR Path Registry from C:\Users\Sagar\AppData\Local\openvr\openvrpaths.vrpath
1520175629198	addons.xpi	INFO	Mapping fxdriver@googlecode.com to C:\Users\Sagar\AppData\Local\Temp\anonymous2107987313682649358webdriver-profile\extensions\fxdriver@googlecode.com
1520175629198	addons.xpi	DEBUG	Ignoring file entry whose name is not a valid add-on ID: C:\Users\Sagar\AppData\Local\Temp\anonymous2107987313682649358webdriver-profile\extensions\webdriver-staging
1520175629198	addons.xpi	DEBUG	Existing add-on fxdriver@googlecode.com in app-profile
1520175629198	addons.xpi	INFO	Mapping activity-stream@mozilla.org to C:\Program Files\Mozilla Firefox\browser\features\activity-stream@mozilla.org.xpi
1520175629198	addons.xpi	INFO	Mapping aushelper@mozilla.org to C:\Program Files\Mozilla Firefox\browser\features\aushelper@mozilla.org.xpi
1520175629199	addons.xpi	INFO	Mapping firefox@getpocket.com to C:\Program Files\Mozilla Firefox\browser\features\firefox@getpocket.com.xpi
1520175629199	addons.xpi	INFO	Mapping followonsearch@mozilla.com to C:\Program Files\Mozilla Firefox\browser\features\followonsearch@mozilla.com.xpi
1520175629199	addons.xpi	INFO	Mapping formautofill@mozilla.org to C:\Program Files\Mozilla Firefox\browser\features\formautofill@mozilla.org.xpi
1520175629199	addons.xpi	INFO	Mapping onboarding@mozilla.org to C:\Program Files\Mozilla Firefox\browser\features\onboarding@mozilla.org.xpi
1520175629199	addons.xpi	INFO	Mapping screenshots@mozilla.org to C:\Program Files\Mozilla Firefox\browser\features\screenshots@mozilla.org.xpi
1520175629199	addons.xpi	INFO	Mapping shield-recipe-client@mozilla.org to C:\Program Files\Mozilla Firefox\browser\features\shield-recipe-client@mozilla.org.xpi
1520175629199	addons.xpi	INFO	Mapping webcompat@mozilla.org to C:\Program Files\Mozilla Firefox\browser\features\webcompat@mozilla.org.xpi
1520175629199	addons.xpi	DEBUG	Existing add-on activity-stream@mozilla.org in app-system-defaults
1520175629199	addons.xpi	DEBUG	Existing add-on aushelper@mozilla.org in app-system-defaults
1520175629200	addons.xpi	DEBUG	Existing add-on firefox@getpocket.com in app-system-defaults
1520175629200	addons.xpi	DEBUG	Existing add-on followonsearch@mozilla.com in app-system-defaults
1520175629200	addons.xpi	DEBUG	Existing add-on formautofill@mozilla.org in app-system-defaults
1520175629200	addons.xpi	DEBUG	Existing add-on onboarding@mozilla.org in app-system-defaults
1520175629200	addons.xpi	DEBUG	Existing add-on screenshots@mozilla.org in app-system-defaults
1520175629201	addons.xpi	DEBUG	Existing add-on shield-recipe-client@mozilla.org in app-system-defaults
1520175629201	addons.xpi	DEBUG	Existing add-on webcompat@mozilla.org in app-system-defaults
1520175629201	addons.xpi	INFO	Mapping {972ce4c6-7e08-4474-a285-3208198ce6fd} to C:\Program Files\Mozilla Firefox\browser\extensions\{972ce4c6-7e08-4474-a285-3208198ce6fd}.xpi
1520175629202	addons.xpi	DEBUG	Existing add-on {972ce4c6-7e08-4474-a285-3208198ce6fd} in app-global
1520175629202	addons.xpi	DEBUG	Existing add-on {4ED1F68A-5463-4931-9384-8FFF5ED91D92} in winreg-app-global
1520175629202	addons.xpi	DEBUG	getInstallState changed: false, state: {}
1520175668873	addons.productaddons	INFO	sending request to: https://aus5.mozilla.org/update/3/GMP/58.0.2/20180206200532/WINNT_x86_64-msvc-x64/en-US/release/Windows_NT%2010.0.0.0.16299.248%20(x64)/default/default/update.xml
1520175669670	addons.productaddons	INFO	Completed downloading document
1520175670209	addons.productaddons	INFO	downloadXHR File download. status=200
1520175670211	addons.productaddons	INFO	Downloaded file will be saved to C:\Users\Sagar\AppData\Local\Temp\tmpaddon
1520175671751	addons.productaddons	INFO	downloadXHR File download. status=200
1520175671754	addons.productaddons	INFO	Downloaded file will be saved to C:\Users\Sagar\AppData\Local\Temp\tmpaddon-997e58

Command duration or timeout: 46.93 seconds
Build info: version: '2.52.0', revision: '4c2593cfc3689a7fcd7be52549167e5ccc93ad28', time: '2016-02-11 11:22:43'
System info: host: 'DESKTOP-FB03BDO', ip: '192.168.0.103', os.name: 'Windows 10', os.arch: 'amd64', os.version: '10.0', java.version: '1.8.0_101'
Driver info: org.openqa.selenium.remote.RemoteWebDriver
	at sun.reflect.NativeConstructorAccessorImpl.newInstance0(Native Method)
	at sun.reflect.NativeConstructorAccessorImpl.newInstance(NativeConstructorAccessorImpl.java:62)
	at sun.reflect.DelegatingConstructorAccessorImpl.newInstance(DelegatingConstructorAccessorImpl.java:45)
	at java.lang.reflect.Constructor.newInstance(Constructor.java:423)
	at org.openqa.selenium.remote.ErrorHandler.createThrowable(ErrorHandler.java:206)
	at org.openqa.selenium.remote.ErrorHandler.throwIfResponseFailed(ErrorHandler.java:158)
	at org.openqa.selenium.remote.RemoteWebDriver.execute(RemoteWebDriver.java:678)
	at org.openqa.selenium.remote.RemoteWebDriver.startSession(RemoteWebDriver.java:249)
	at org.openqa.selenium.remote.RemoteWebDriver.<init>(RemoteWebDriver.java:131)
	at org.openqa.selenium.remote.RemoteWebDriver.<init>(RemoteWebDriver.java:158)
	at PracticeCodes.DriverFactory.getDriver(DriverFactory.java:43)
	at TestGrid.GridTest2.testSalesforce1(GridTest2.java:27)
	at sun.reflect.NativeMethodAccessorImpl.invoke0(Native Method)
	at sun.reflect.NativeMethodAccessorImpl.invoke(NativeMethodAccessorImpl.java:62)
	at sun.reflect.DelegatingMethodAccessorImpl.invoke(DelegatingMethodAccessorImpl.java:43)
	at java.lang.reflect.Method.invoke(Method.java:498)
	at org.testng.internal.MethodInvocationHelper.invokeMethod(MethodInvocationHelper.java:108)
	at org.testng.internal.Invoker.invokeMethod(Invoker.java:661)
	at org.testng.internal.Invoker.invokeTestMethod(Invoker.java:869)
	at org.testng.internal.Invoker.invokeTestMethods(Invoker.java:1193)
	at org.testng.internal.TestMethodWorker.invokeTestMethods(TestMethodWorker.java:126)
	at org.testng.internal.TestMethodWorker.run(TestMethodWorker.java:109)
	at org.testng.TestRunner.privateRun(TestRunner.java:744)
	at org.testng.TestRunner.run(TestRunner.java:602)
	at org.testng.SuiteRunner.runTest(SuiteRunner.java:380)
	at org.testng.SuiteRunner.runSequentially(SuiteRunner.java:375)
	at org.testng.SuiteRunner.privateRun(SuiteRunner.java:340)
	at org.testng.SuiteRunner.run(SuiteRunner.java:289)
	at org.testng.SuiteRunnerWorker.runSuite(SuiteRunnerWorker.java:52)
	at org.testng.SuiteRunnerWorker.run(SuiteRunnerWorker.java:86)
	at org.testng.TestNG.runSuitesSequentially(TestNG.java:1301)
	at org.testng.TestNG.runSuitesLocally(TestNG.java:1226)
	at org.testng.TestNG.runSuites(TestNG.java:1144)
	at org.testng.TestNG.run(TestNG.java:1115)
	at org.testng.remote.AbstractRemoteTestNG.run(AbstractRemoteTestNG.java:126)
	at org.testng.remote.RemoteTestNG.initAndRun(RemoteTestNG.java:152)
	at org.testng.remote.RemoteTestNG.main(RemoteTestNG.java:57)
Caused by: org.openqa.selenium.remote.ErrorHandler$UnknownServerException: Unable to connect to host 127.0.0.1 on port 7055 after 45000 ms. Firefox console output:
rimentProvider
Unable to read VR Path Registry from C:\Users\Sagar\AppData\Local\openvr\openvrpaths.vrpath
Unable to read VR Path Registry from C:\Users\Sagar\AppData\Local\openvr\openvrpaths.vrpath
Unable to read VR Path Registry from C:\Users\Sagar\AppData\Local\openvr\openvrpaths.vrpath
1520175629198	addons.xpi	INFO	Mapping fxdriver@googlecode.com to C:\Users\Sagar\AppData\Local\Temp\anonymous2107987313682649358webdriver-profile\extensions\fxdriver@googlecode.com
1520175629198	addons.xpi	DEBUG	Ignoring file entry whose name is not a valid add-on ID: C:\Users\Sagar\AppData\Local\Temp\anonymous2107987313682649358webdriver-profile\extensions\webdriver-staging
1520175629198	addons.xpi	DEBUG	Existing add-on fxdriver@googlecode.com in app-profile
1520175629198	addons.xpi	INFO	Mapping activity-stream@mozilla.org to C:\Program Files\Mozilla Firefox\browser\features\activity-stream@mozilla.org.xpi
1520175629198	addons.xpi	INFO	Mapping aushelper@mozilla.org to C:\Program Files\Mozilla Firefox\browser\features\aushelper@mozilla.org.xpi
1520175629199	addons.xpi	INFO	Mapping firefox@getpocket.com to C:\Program Files\Mozilla Firefox\browser\features\firefox@getpocket.com.xpi
1520175629199	addons.xpi	INFO	Mapping followonsearch@mozilla.com to C:\Program Files\Mozilla Firefox\browser\features\followonsearch@mozilla.com.xpi
1520175629199	addons.xpi	INFO	Mapping formautofill@mozilla.org to C:\Program Files\Mozilla Firefox\browser\features\formautofill@mozilla.org.xpi
1520175629199	addons.xpi	INFO	Mapping onboarding@mozilla.org to C:\Program Files\Mozilla Firefox\browser\features\onboarding@mozilla.org.xpi
1520175629199	addons.xpi	INFO	Mapping screenshots@mozilla.org to C:\Program Files\Mozilla Firefox\browser\features\screenshots@mozilla.org.xpi
1520175629199	addons.xpi	INFO	Mapping shield-recipe-client@mozilla.org to C:\Program Files\Mozilla Firefox\browser\features\shield-recipe-client@mozilla.org.xpi
1520175629199	addons.xpi	INFO	Mapping webcompat@mozilla.org to C:\Program Files\Mozilla Firefox\browser\features\webcompat@mozilla.org.xpi
1520175629199	addons.xpi	DEBUG	Existing add-on activity-stream@mozilla.org in app-system-defaults
1520175629199	addons.xpi	DEBUG	Existing add-on aushelper@mozilla.org in app-system-defaults
1520175629200	addons.xpi	DEBUG	Existing add-on firefox@getpocket.com in app-system-defaults
1520175629200	addons.xpi	DEBUG	Existing add-on followonsearch@mozilla.com in app-system-defaults
1520175629200	addons.xpi	DEBUG	Existing add-on formautofill@mozilla.org in app-system-defaults
1520175629200	addons.xpi	DEBUG	Existing add-on onboarding@mozilla.org in app-system-defaults
1520175629200	addons.xpi	DEBUG	Existing add-on screenshots@mozilla.org in app-system-defaults
1520175629201	addons.xpi	DEBUG	Existing add-on shield-recipe-client@mozilla.org in app-system-defaults
1520175629201	addons.xpi	DEBUG	Existing add-on webcompat@mozilla.org in app-system-defaults
1520175629201	addons.xpi	INFO	Mapping {972ce4c6-7e08-4474-a285-3208198ce6fd} to C:\Program Files\Mozilla Firefox\browser\extensions\{972ce4c6-7e08-4474-a285-3208198ce6fd}.xpi
1520175629202	addons.xpi	DEBUG	Existing add-on {972ce4c6-7e08-4474-a285-3208198ce6fd} in app-global
1520175629202	addons.xpi	DEBUG	Existing add-on {4ED1F68A-5463-4931-9384-8FFF5ED91D92} in winreg-app-global
1520175629202	addons.xpi	DEBUG	getInstallState changed: false, state: {}
1520175668873	addons.productaddons	INFO	sending request to: https://aus5.mozilla.org/update/3/GMP/58.0.2/20180206200532/WINNT_x86_64-msvc-x64/en-US/release/Windows_NT%2010.0.0.0.16299.248%20(x64)/default/default/update.xml
1520175669670	addons.productaddons	INFO	Completed downloading document
1520175670209	addons.productaddons	INFO	downloadXHR File download. status=200
1520175670211	addons.productaddons	INFO	Downloaded file will be saved to C:\Users\Sagar\AppData\Local\Temp\tmpaddon
1520175671751	addons.productaddons	INFO	downloadXHR File download. status=200
1520175671754	addons.productaddons	INFO	Downloaded file will be saved to C:\Users\Sagar\AppData\Local\Temp\tmpaddon-997e58

Build info: version: '2.52.0', revision: '4c2593cfc3689a7fcd7be52549167e5ccc93ad28', time: '2016-02-11 11:22:43'
System info: host: 'DESKTOP-FB03BDO', ip: '192.168.0.103', os.name: 'Windows 10', os.arch: 'amd64', os.version: '10.0', java.version: '1.8.0_101'
Driver info: driver.version: FirefoxDriver
	at org.openqa.selenium.firefox.internal.NewProfileExtensionConnection.start(NewProfileExtensionConnection.java:112)
	at org.openqa.selenium.firefox.FirefoxDriver.startClient(FirefoxDriver.java:271)
	at org.openqa.selenium.remote.RemoteWebDriver.<init>(RemoteWebDriver.java:119)
	at org.openqa.selenium.firefox.FirefoxDriver.<init>(FirefoxDriver.java:218)
	at org.openqa.selenium.firefox.FirefoxDriver.<init>(FirefoxDriver.java:211)
	at org.openqa.selenium.firefox.FirefoxDriver.<init>(FirefoxDriver.java:129)
	at sun.reflect.NativeConstructorAccessorImpl.newInstance0(Native Method)
	at sun.reflect.NativeConstructorAccessorImpl.newInstance(Unknown Source)
	at sun.reflect.DelegatingConstructorAccessorImpl.newInstance(Unknown Source)
	at java.lang.reflect.Constructor.newInstance(Unknown Source)
	at org.openqa.selenium.remote.server.FirefoxDriverProvider.callConstructor(FirefoxDriverProvider.java:91)
	at org.openqa.selenium.remote.server.FirefoxDriverProvider.newInstance(FirefoxDriverProvider.java:68)
	at org.openqa.selenium.remote.server.DefaultDriverFactory.newInstance(DefaultDriverFactory.java:60)
	at org.openqa.selenium.remote.server.DefaultSession$BrowserCreator.call(DefaultSession.java:222)
	at org.openqa.selenium.remote.server.DefaultSession$BrowserCreator.call(DefaultSession.java:1)
	at java.util.concurrent.FutureTask.run(Unknown Source)
	at org.openqa.selenium.remote.server.DefaultSession$1.run(DefaultSession.java:176)
	at java.util.concurrent.ThreadPoolExecutor.runWorker(Unknown Source)
	at java.util.concurrent.ThreadPoolExecutor$Worker.run(Unknown Source)
	at java.lang.Thread.run(Unknown Source)
]]>
    </error>
  </testcase> <!-- testSalesforce1 -->
</testsuite> <!-- TestGrid.GridTest2 -->
