<?xml version="1.0" encoding="UTF-8"?>
<!-- Generated by org.testng.reporters.JUnitReportReporter -->
<testsuite skipped="3" hostname="DESKTOP-FB03BDO" name="TestGrid.GridTest" tests="5" failures="0" timestamp="04 Mar 2018 15:02:55 GMT" time="30.891" errors="0">
  <testcase name="testSalesforce1" time="15.433" classname="TestGrid.GridTest"/>
  <testcase name="testSalesforce1" time="15.458" classname="TestGrid.GridTest"/>
  <testcase name="testSalesforce1a" classname="TestGrid.GridTest">
    <skipped/>
  </testcase> <!-- testSalesforce1a -->
  <testcase name="testSalesforce2" classname="TestGrid.GridTest">
    <skipped/>
  </testcase> <!-- testSalesforce2 -->
  <testcase name="testSalesforce2a" classname="TestGrid.GridTest">
    <skipped/>
  </testcase> <!-- testSalesforce2a -->
</testsuite> <!-- TestGrid.GridTest -->
