<?xml version="1.0" encoding="UTF-8"?>
<!-- Generated by org.testng.reporters.JUnitReportReporter -->
<testsuite skipped="0" hostname="DESKTOP-FB03BDO" name="test.sagar.sample.sampleCodes.AppTest" tests="1" failures="0" timestamp="08 Dec 2017 18:21:31 GMT" time="0.003" errors="0">
  <testcase name="testMain" time="0.003" classname="test.sagar.sample.sampleCodes.AppTest"/>
</testsuite> <!-- test.sagar.sample.sampleCodes.AppTest -->
