<?xml version="1.0" encoding="UTF-8"?>
<!-- Generated by org.testng.reporters.JUnitReportReporter -->
<testsuite skipped="1" hostname="DESKTOP-FB03BDO" name="test.sagar.sample.sampleCodes.TestClass2" tests="12" failures="0" timestamp="04 Mar 2018 18:57:19 GMT" time="0.022" errors="0">
  <testcase name="testClass2Method2" time="0.002" classname="test.sagar.sample.sampleCodes.TestClass2"/>
  <testcase name="testClass2Method1" time="0.001" classname="test.sagar.sample.sampleCodes.TestClass2"/>
  <testcase name="testClass2Method2" time="0.001" classname="test.sagar.sample.sampleCodes.TestClass2"/>
  <testcase name="testClass2Method2" time="0.003" classname="test.sagar.sample.sampleCodes.TestClass2"/>
  <testcase name="testClass2Method2" time="0.003" classname="test.sagar.sample.sampleCodes.TestClass2"/>
  <testcase name="testClass2Method2" time="0.003" classname="test.sagar.sample.sampleCodes.TestClass2"/>
  <testcase name="testClass2Method2" time="0.002" classname="test.sagar.sample.sampleCodes.TestClass2"/>
  <testcase name="testClass2Method2" time="0.001" classname="test.sagar.sample.sampleCodes.TestClass2"/>
  <testcase name="testClass2Method2" time="0.002" classname="test.sagar.sample.sampleCodes.TestClass2"/>
  <testcase name="testClass2Method2" time="0.002" classname="test.sagar.sample.sampleCodes.TestClass2"/>
  <testcase name="testClass2Method2" time="0.002" classname="test.sagar.sample.sampleCodes.TestClass2"/>
  <testcase name="testClass2Method3" classname="test.sagar.sample.sampleCodes.TestClass2">
    <skipped/>
  </testcase> <!-- testClass2Method3 -->
</testsuite> <!-- test.sagar.sample.sampleCodes.TestClass2 -->
