<?xml version="1.0" encoding="UTF-8"?>
<!-- Generated by org.testng.reporters.JUnitReportReporter -->
<testsuite skipped="0" hostname="DESKTOP-FB03BDO" name="test.sagar.sample.sampleCodes.TestClass1" tests="3" failures="0" timestamp="04 Mar 2018 18:57:19 GMT" time="0.013" errors="0">
  <testcase name="testClass1Method5" time="0.001" classname="test.sagar.sample.sampleCodes.TestClass1"/>
  <testcase name="testClass1Method4" time="0.001" classname="test.sagar.sample.sampleCodes.TestClass1"/>
  <testcase name="testClass1Method3" time="0.011" classname="test.sagar.sample.sampleCodes.TestClass1"/>
</testsuite> <!-- test.sagar.sample.sampleCodes.TestClass1 -->
