<?xml version="1.0" encoding="UTF-8"?>
<!-- Generated by org.testng.reporters.JUnitReportReporter -->
<testsuite skipped="0" hostname="DESKTOP-FB03BDO" name="test.PageObjectModel.SalesforceTest" tests="1" failures="0" timestamp="18 Dec 2017 22:38:30 GMT" time="0.214" errors="0">
  <testcase name="init" time="0.214" classname="test.PageObjectModel.SalesforceTest"/>
</testsuite> <!-- test.PageObjectModel.SalesforceTest -->
