<?xml version="1.0" encoding="UTF-8"?>
<!-- Generated by org.testng.reporters.JUnitReportReporter -->
<testsuite skipped="0" hostname="DESKTOP-FB03BDO" name="test.sagar.sample.sampleCodes.testNgTest" tests="2" failures="0" timestamp="18 Dec 2017 22:38:30 GMT" time="0.001" errors="0">
  <testcase name="test1" time="0.001" classname="test.sagar.sample.sampleCodes.testNgTest"/>
  <testcase name="test1" time="0.000" classname="test.sagar.sample.sampleCodes.testNgTest"/>
</testsuite> <!-- test.sagar.sample.sampleCodes.testNgTest -->
