<?xml version="1.0" encoding="UTF-8"?>
<!-- Generated by org.testng.reporters.JUnitReportReporter -->
<testsuite skipped="2" hostname="DESKTOP-FB03BDO" name="test.sagar.sample.sampleCodes.TestClass2" tests="14" failures="0" timestamp="18 Dec 2017 22:38:30 GMT" time="0.011" errors="0">
  <testcase name="testClass2Method2" time="0.001" classname="test.sagar.sample.sampleCodes.TestClass2"/>
  <testcase name="testClass2Method4" time="0.000" classname="test.sagar.sample.sampleCodes.TestClass2"/>
  <testcase name="testClass2Method2" time="0.000" classname="test.sagar.sample.sampleCodes.TestClass2"/>
  <testcase name="testClass2Method1" time="0.001" classname="test.sagar.sample.sampleCodes.TestClass2"/>
  <testcase name="testClass2Method2" time="0.001" classname="test.sagar.sample.sampleCodes.TestClass2"/>
  <testcase name="testClass2Method2" time="0.001" classname="test.sagar.sample.sampleCodes.TestClass2"/>
  <testcase name="testClass2Method2" time="0.001" classname="test.sagar.sample.sampleCodes.TestClass2"/>
  <testcase name="testClass2Method2" time="0.000" classname="test.sagar.sample.sampleCodes.TestClass2"/>
  <testcase name="testClass2Method2" time="0.002" classname="test.sagar.sample.sampleCodes.TestClass2"/>
  <testcase name="testClass2Method2" time="0.000" classname="test.sagar.sample.sampleCodes.TestClass2"/>
  <testcase name="testClass2Method2" time="0.002" classname="test.sagar.sample.sampleCodes.TestClass2"/>
  <testcase name="testClass2Method5" time="0.002" classname="test.sagar.sample.sampleCodes.TestClass2">
    <skipped/>
  </testcase> <!-- testClass2Method5 -->
  <testcase name="testClass2Method2" time="0.000" classname="test.sagar.sample.sampleCodes.TestClass2"/>
  <testcase name="testClass2Method3" classname="test.sagar.sample.sampleCodes.TestClass2">
    <skipped/>
  </testcase> <!-- testClass2Method3 -->
</testsuite> <!-- test.sagar.sample.sampleCodes.TestClass2 -->
